-------------------------------------------------------------------------------
Test set: com.emr.DemoApplicationTests
-------------------------------------------------------------------------------
Tests run: 1, Failures: 0, Errors: 1, Skipped: 0, Time elapsed: 7.689 s <<< FAILURE! - in com.emr.DemoApplicationTests
contextLoads  Time elapsed: 0.035 s  <<< ERROR!
java.lang.IllegalStateException: Failed to load ApplicationContext
Caused by: org.springframework.beans.factory.BeanCreationException: 
Error creating bean with name 'requestMappingHandlerMapping' defined in class path resource [org/springframework/boot/autoconfigure/web/servlet/WebMvcAutoConfiguration$EnableWebMvcConfiguration.class]: Invocation of init method failed; nested exception is java.lang.IllegalStateException: Ambiguous mapping. Cannot map 'employeeController' method 
com.emr.controller.EmployeeController#echo()
to { [/welcome]}: There is already 'countryController' bean method
com.emr.controller.CountryController#vijay() mapped.
Caused by: java.lang.IllegalStateException: 
Ambiguous mapping. Cannot map 'employeeController' method 
com.emr.controller.EmployeeController#echo()
to { [/welcome]}: There is already 'countryController' bean method
com.emr.controller.CountryController#vijay() mapped.

